Arguments: 
  /usr/local/bin/node /usr/local/bin/yarn

PATH: 
  /usr/local/bin:/usr/bin:/bin:/usr/sbin:/sbin:/Users/marat/Documents/GitHub/chamala-frontend/node_modules/.bin

Yarn version: 
  1.22.19

Node version: 
  16.17.0

Platform: 
  darwin arm64

Trace: 
  SyntaxError: /Users/marat/Documents/GitHub/chamala-frontend/package.json: Unexpected string in JSON at position 791
      at JSON.parse (<anonymous>)
      at /usr/local/lib/node_modules/yarn/lib/cli.js:1629:59
      at Generator.next (<anonymous>)
      at step (/usr/local/lib/node_modules/yarn/lib/cli.js:310:30)
      at /usr/local/lib/node_modules/yarn/lib/cli.js:321:13

npm manifest: 
  {
    "name": "chamala",
    "version": "0.1.1",
    "private": true,
    "dependencies": {
      "@reduxjs/toolkit": "^1.8.6",
      "@testing-library/jest-dom": "^5.11.4",
      "@testing-library/react": "^11.1.0",
      "@testing-library/user-event": "^12.1.10",
      "@types/jest": "^26.0.15",
      "@types/node": "^12.0.0",
      "@types/react": "^17.0.0",
      "@types/react-dom": "^17.0.0",
      "@types/react-redux": "^7.1.18",
      "@types/react-router-dom": "^5.1.8",
      "@types/redux-thunk": "^2.1.0",
      "classnames": "^2.3.2",
      "react": "^18.2.0",
      "react-device-detect": "^2.2.2",
      "react-dom": "^18.2.0",
      "react-redux": "^7.2.9",
      "react-router-dom": "^6.4.2",
      "react-scripts": "^5.0.1",
      "react-timer-hook": "^3.0.5",
      "redux": "^4.2.0",
      "redux-thunk": "^2.4.1"
      "sass": "^1.55.0",
      "typescript": "^4.8.4",
      "web-vitals": "^1.1.2"
    },
    "scripts": {
      "start": "react-scripts start",
      "build": "react-scripts build",
      "test": "react-scripts test",
      "eject": "react-scripts eject"
    },
    "eslintConfig": {
      "extends": [
        "react-app",
        "react-app/jest"
      ]
    },
    "browserslist": {
      "production": [
        ">0.2%",
        "not dead",
        "not op_mini all"
      ],
      "development": [
        "last 1 chrome version",
        "last 1 firefox version",
        "last 1 safari version"
      ]
    },
    "devDependencies": {
      "autoprefixer": "^10.4.12",
      "postcss": "^8.4.18",
      "tailwindcss": "^3.1.8"
    }
  }

yarn manifest: 
  No manifest

Lockfile: 
  No lockfile
